#! /usr/bin/vvp
:ivl_version "11.0 (stable)";
:ivl_delay_selection "TYPICAL";
:vpi_time_precision - 12;
:vpi_module "/usr/lib/x86_64-linux-gnu/ivl/system.vpi";
:vpi_module "/usr/lib/x86_64-linux-gnu/ivl/vhdl_sys.vpi";
:vpi_module "/usr/lib/x86_64-linux-gnu/ivl/vhdl_textio.vpi";
:vpi_module "/usr/lib/x86_64-linux-gnu/ivl/v2005_math.vpi";
:vpi_module "/usr/lib/x86_64-linux-gnu/ivl/va_math.vpi";
S_0x55e7adadf9f0 .scope module, "tb" "tb" 2 9;
 .timescale -9 -12;
    .port_info 0 /INPUT 1 "clk";
    .port_info 1 /INPUT 1 "reset";
    .port_info 2 /INPUT 6 "instr";
    .port_info 3 /OUTPUT 9 "data_out";
L_0x7facbfe6d018 .functor BUFT 1, C4<0>, C4<0>, C4<0>, C4<0>;
v0x55e7adb1cf20_0 .net *"_ivl_5", 0 0, L_0x7facbfe6d018;  1 drivers
o0x7facbfeb70f8 .functor BUFZ 1, C4<z>; HiZ drive
v0x55e7adb1d000_0 .net "clk", 0 0, o0x7facbfeb70f8;  0 drivers
v0x55e7adb1d0c0_0 .net "data_out", 8 0, L_0x55e7adb1d620;  1 drivers
v0x55e7adb1d180_0 .net "inputs", 7 0, L_0x55e7adb1d530;  1 drivers
o0x7facbfeb7158 .functor BUFZ 6, C4<zzzzzz>; HiZ drive
v0x55e7adb1d240_0 .net "instr", 5 0, o0x7facbfeb7158;  0 drivers
v0x55e7adb1d350_0 .net "outputs", 7 0, v0x55e7adb1bf30_0;  1 drivers
o0x7facbfeb7188 .functor BUFZ 1, C4<z>; HiZ drive
v0x55e7adb1d410_0 .net "reset", 0 0, o0x7facbfeb7188;  0 drivers
L_0x55e7adb1d530 .concat [ 6 1 1 0], o0x7facbfeb7158, o0x7facbfeb7188, o0x7facbfeb70f8;
L_0x55e7adb1d620 .concat [ 8 1 0 0], v0x55e7adb1bf30_0, L_0x7facbfe6d018;
S_0x55e7adad0b10 .scope module, "McCoy" "aidan_McCoy" 2 29, 3 9 0, S_0x55e7adadf9f0;
 .timescale -9 -12;
    .port_info 0 /INPUT 8 "io_in";
    .port_info 1 /OUTPUT 8 "io_out";
v0x55e7adb1b700_0 .net *"_ivl_11", 2 0, L_0x55e7adb1da70;  1 drivers
L_0x7facbfe6d0f0 .functor BUFT 1, C4<00000>, C4<0>, C4<0>, C4<0>;
v0x55e7adb1b800_0 .net/2u *"_ivl_18", 4 0, L_0x7facbfe6d0f0;  1 drivers
v0x55e7adb1b8e0_0 .net *"_ivl_21", 2 0, L_0x55e7adb1ddc0;  1 drivers
L_0x7facbfe6d060 .functor BUFT 1, C4<00000>, C4<0>, C4<0>, C4<0>;
v0x55e7adb1b9a0_0 .net/2u *"_ivl_8", 4 0, L_0x7facbfe6d060;  1 drivers
v0x55e7adb1ba80_0 .net "aluOut", 7 0, v0x55e7adaea740_0;  1 drivers
v0x55e7adb1bb90_0 .net "bez", 0 0, v0x55e7adb17990_0;  1 drivers
v0x55e7adb1bc80_0 .net "clk", 0 0, L_0x55e7adb1d760;  1 drivers
v0x55e7adb1bd70_0 .net "instr", 5 0, L_0x55e7adb1d930;  1 drivers
v0x55e7adb1be50_0 .net "io_in", 7 0, L_0x55e7adb1d530;  alias, 1 drivers
v0x55e7adb1bf30_0 .var "io_out", 7 0;
v0x55e7adb1c010_0 .net "ja", 0 0, v0x55e7adb17a50_0;  1 drivers
v0x55e7adb1c0b0_0 .net "newx8", 7 0, v0x55e7adb1b4a0_0;  1 drivers
v0x55e7adb1c1c0_0 .net "nextPC", 7 0, v0x55e7adb19c00_0;  1 drivers
v0x55e7adb1c2d0_0 .net "op1", 7 0, v0x55e7adb18600_0;  1 drivers
v0x55e7adb1c3e0_0 .net "op1Sel", 0 0, v0x55e7adb17b20_0;  1 drivers
v0x55e7adb1c4d0_0 .net "op2", 7 0, v0x55e7adb18dd0_0;  1 drivers
v0x55e7adb1c5e0_0 .net "op2Sel", 1 0, v0x55e7adb17bf0_0;  1 drivers
v0x55e7adb1c6f0_0 .net "pc", 7 0, v0x55e7adb19330_0;  1 drivers
v0x55e7adb1c7b0_0 .net "pc1", 7 0, v0x55e7adaea6a0_0;  1 drivers
v0x55e7adb1c8c0_0 .net "pcSel", 0 0, v0x55e7adb174b0_0;  1 drivers
v0x55e7adb1c9b0_0 .net "regOut", 7 0, v0x55e7adb1a250_0;  1 drivers
v0x55e7adb1ca70_0 .net "reset", 0 0, L_0x55e7adb1d800;  1 drivers
v0x55e7adb1cb60_0 .net "writeReg", 0 0, v0x55e7adb17dc0_0;  1 drivers
v0x55e7adb1cc50_0 .net "writex8", 0 0, v0x55e7adb17e80_0;  1 drivers
v0x55e7adb1cd40_0 .net "x8", 7 0, v0x55e7adb1ad90_0;  1 drivers
v0x55e7adb1ce00_0 .net "x8Sel", 1 0, v0x55e7adb17f40_0;  1 drivers
E_0x55e7adaead40 .event negedge, v0x55e7adb19460_0;
E_0x55e7adaeb1d0 .event posedge, v0x55e7adb19460_0;
L_0x55e7adb1d760 .part L_0x55e7adb1d530, 0, 1;
L_0x55e7adb1d800 .part L_0x55e7adb1d530, 1, 1;
L_0x55e7adb1d930 .part L_0x55e7adb1d530, 0, 6;
L_0x55e7adb1d9d0 .part L_0x55e7adb1d930, 0, 3;
L_0x55e7adb1da70 .part L_0x55e7adb1d930, 3, 3;
L_0x55e7adb1db10 .concat [ 3 5 0 0], L_0x55e7adb1da70, L_0x7facbfe6d060;
L_0x55e7adb1dc90 .part L_0x55e7adb1d930, 3, 3;
L_0x55e7adb1ddc0 .part L_0x55e7adb1d930, 3, 3;
L_0x55e7adb1deb0 .concat [ 3 5 0 0], L_0x55e7adb1ddc0, L_0x7facbfe6d0f0;
S_0x55e7adad0ca0 .scope module, "adder" "add1" 3 50, 4 7 0, S_0x55e7adad0b10;
 .timescale -9 -12;
    .port_info 0 /INPUT 8 "in";
    .port_info 1 /OUTPUT 8 "out";
v0x55e7adad1310_0 .net "in", 7 0, v0x55e7adb19330_0;  alias, 1 drivers
v0x55e7adaea6a0_0 .var "out", 7 0;
E_0x55e7adafbf90 .event edge, v0x55e7adad1310_0;
S_0x55e7adb16be0 .scope module, "aluBlock" "alu" 3 60, 5 7 0, S_0x55e7adad0b10;
 .timescale -9 -12;
    .port_info 0 /INPUT 8 "op1";
    .port_info 1 /INPUT 8 "op2";
    .port_info 2 /OUTPUT 8 "aluOut";
v0x55e7adaea740_0 .var "aluOut", 7 0;
v0x55e7adb16e60_0 .net "op1", 7 0, v0x55e7adb18600_0;  alias, 1 drivers
v0x55e7adb16f40_0 .net "op2", 7 0, v0x55e7adb18dd0_0;  alias, 1 drivers
E_0x55e7adafbd50 .event edge, v0x55e7adb16e60_0, v0x55e7adb16f40_0;
S_0x55e7adb17080 .scope module, "branchBlock" "branch" 3 52, 6 7 0, S_0x55e7adad0b10;
 .timescale -9 -12;
    .port_info 0 /INPUT 8 "x8";
    .port_info 1 /INPUT 1 "bez";
    .port_info 2 /INPUT 1 "ja";
    .port_info 3 /OUTPUT 1 "pcSel";
v0x55e7adb17330_0 .net "bez", 0 0, v0x55e7adb17990_0;  alias, 1 drivers
v0x55e7adb173f0_0 .net "ja", 0 0, v0x55e7adb17a50_0;  alias, 1 drivers
v0x55e7adb174b0_0 .var "pcSel", 0 0;
v0x55e7adb17550_0 .net "x8", 7 0, v0x55e7adb1ad90_0;  alias, 1 drivers
E_0x55e7adb172d0 .event edge, v0x55e7adb173f0_0, v0x55e7adb17330_0, v0x55e7adb17550_0;
S_0x55e7adb176e0 .scope module, "decoderBlock" "decoder" 3 41, 7 7 0, S_0x55e7adad0b10;
 .timescale -9 -12;
    .port_info 0 /INPUT 3 "opcode";
    .port_info 1 /OUTPUT 1 "bez";
    .port_info 2 /OUTPUT 1 "ja";
    .port_info 3 /OUTPUT 1 "op1";
    .port_info 4 /OUTPUT 2 "op2";
    .port_info 5 /OUTPUT 1 "writeReg";
    .port_info 6 /OUTPUT 1 "writex8";
    .port_info 7 /OUTPUT 2 "x8Sel";
v0x55e7adb17990_0 .var "bez", 0 0;
v0x55e7adb17a50_0 .var "ja", 0 0;
v0x55e7adb17b20_0 .var "op1", 0 0;
v0x55e7adb17bf0_0 .var "op2", 1 0;
v0x55e7adb17c90_0 .net "opcode", 2 0, L_0x55e7adb1d9d0;  1 drivers
v0x55e7adb17dc0_0 .var "writeReg", 0 0;
v0x55e7adb17e80_0 .var "writex8", 0 0;
v0x55e7adb17f40_0 .var "x8Sel", 1 0;
E_0x55e7adb17910 .event edge, v0x55e7adb17c90_0;
S_0x55e7adb18170 .scope module, "op1Mux" "mux2" 3 56, 8 7 0, S_0x55e7adad0b10;
 .timescale -9 -12;
    .port_info 0 /INPUT 8 "in0";
    .port_info 1 /INPUT 8 "in1";
    .port_info 2 /INPUT 1 "sel";
    .port_info 3 /OUTPUT 8 "out";
v0x55e7adb18440_0 .net "in0", 7 0, L_0x55e7adb1db10;  1 drivers
v0x55e7adb18540_0 .net "in1", 7 0, v0x55e7adb1ad90_0;  alias, 1 drivers
v0x55e7adb18600_0 .var "out", 7 0;
v0x55e7adb18700_0 .net "sel", 0 0, v0x55e7adb17b20_0;  alias, 1 drivers
E_0x55e7adb183c0 .event edge, v0x55e7adb17b20_0, v0x55e7adb18440_0, v0x55e7adb17550_0;
S_0x55e7adb18820 .scope module, "op2Mux" "mux3" 3 58, 9 7 0, S_0x55e7adad0b10;
 .timescale -9 -12;
    .port_info 0 /INPUT 8 "in0";
    .port_info 1 /INPUT 8 "in1";
    .port_info 2 /INPUT 8 "in2";
    .port_info 3 /INPUT 2 "sel";
    .port_info 4 /OUTPUT 8 "out";
v0x55e7adb18b10_0 .net "in0", 7 0, v0x55e7adb1a250_0;  alias, 1 drivers
v0x55e7adb18c10_0 .net "in1", 7 0, v0x55e7adb19330_0;  alias, 1 drivers
L_0x7facbfe6d0a8 .functor BUFT 1, C4<11111111>, C4<0>, C4<0>, C4<0>;
v0x55e7adb18d00_0 .net "in2", 7 0, L_0x7facbfe6d0a8;  1 drivers
v0x55e7adb18dd0_0 .var "out", 7 0;
v0x55e7adb18ec0_0 .net "sel", 1 0, v0x55e7adb17bf0_0;  alias, 1 drivers
E_0x55e7adb18a80 .event edge, v0x55e7adb17bf0_0, v0x55e7adb18b10_0, v0x55e7adad1310_0, v0x55e7adb18d00_0;
S_0x55e7adb19060 .scope module, "pcBlock" "pc" 3 48, 10 7 0, S_0x55e7adad0b10;
 .timescale -9 -12;
    .port_info 0 /INPUT 8 "nextPC";
    .port_info 1 /INPUT 1 "clk";
    .port_info 2 /INPUT 1 "reset";
    .port_info 3 /OUTPUT 8 "PC";
v0x55e7adb19330_0 .var "PC", 7 0;
v0x55e7adb19460_0 .net "clk", 0 0, L_0x55e7adb1d760;  alias, 1 drivers
v0x55e7adb19520_0 .net "nextPC", 7 0, v0x55e7adb19c00_0;  alias, 1 drivers
v0x55e7adb195e0_0 .net "reset", 0 0, L_0x55e7adb1d800;  alias, 1 drivers
E_0x55e7adb192b0/0 .event negedge, v0x55e7adb19460_0;
E_0x55e7adb192b0/1 .event posedge, v0x55e7adb195e0_0;
E_0x55e7adb192b0 .event/or E_0x55e7adb192b0/0, E_0x55e7adb192b0/1;
S_0x55e7adb19750 .scope module, "pcMux" "mux2" 3 46, 8 7 0, S_0x55e7adad0b10;
 .timescale -9 -12;
    .port_info 0 /INPUT 8 "in0";
    .port_info 1 /INPUT 8 "in1";
    .port_info 2 /INPUT 1 "sel";
    .port_info 3 /OUTPUT 8 "out";
v0x55e7adb19a20_0 .net "in0", 7 0, v0x55e7adaea740_0;  alias, 1 drivers
v0x55e7adb19b30_0 .net "in1", 7 0, v0x55e7adaea6a0_0;  alias, 1 drivers
v0x55e7adb19c00_0 .var "out", 7 0;
v0x55e7adb19d00_0 .net "sel", 0 0, v0x55e7adb174b0_0;  alias, 1 drivers
E_0x55e7adb199a0 .event edge, v0x55e7adb174b0_0, v0x55e7adaea740_0, v0x55e7adaea6a0_0;
S_0x55e7adb19e20 .scope module, "regBlock" "register" 3 64, 11 7 0, S_0x55e7adad0b10;
 .timescale -9 -12;
    .port_info 0 /INPUT 1 "clk";
    .port_info 1 /INPUT 1 "reset";
    .port_info 2 /INPUT 3 "regAddr";
    .port_info 3 /INPUT 8 "x8";
    .port_info 4 /INPUT 1 "writeReg";
    .port_info 5 /OUTPUT 8 "out";
v0x55e7adb1a190_0 .net "clk", 0 0, L_0x55e7adb1d760;  alias, 1 drivers
v0x55e7adb1a250_0 .var "out", 7 0;
v0x55e7adb1a320_0 .net "regAddr", 2 0, L_0x55e7adb1dc90;  1 drivers
v0x55e7adb1a3f0 .array "registers", 0 7, 7 0;
v0x55e7adb1a5b0_0 .net "reset", 0 0, L_0x55e7adb1d800;  alias, 1 drivers
v0x55e7adb1a6a0_0 .net "writeReg", 0 0, v0x55e7adb17dc0_0;  alias, 1 drivers
v0x55e7adb1a770_0 .net "x8", 7 0, v0x55e7adb1ad90_0;  alias, 1 drivers
v0x55e7adb1a3f0_0 .array/port v0x55e7adb1a3f0, 0;
v0x55e7adb1a3f0_1 .array/port v0x55e7adb1a3f0, 1;
v0x55e7adb1a3f0_2 .array/port v0x55e7adb1a3f0, 2;
E_0x55e7adb1a0e0/0 .event edge, v0x55e7adb1a320_0, v0x55e7adb1a3f0_0, v0x55e7adb1a3f0_1, v0x55e7adb1a3f0_2;
v0x55e7adb1a3f0_3 .array/port v0x55e7adb1a3f0, 3;
v0x55e7adb1a3f0_4 .array/port v0x55e7adb1a3f0, 4;
v0x55e7adb1a3f0_5 .array/port v0x55e7adb1a3f0, 5;
v0x55e7adb1a3f0_6 .array/port v0x55e7adb1a3f0, 6;
E_0x55e7adb1a0e0/1 .event edge, v0x55e7adb1a3f0_3, v0x55e7adb1a3f0_4, v0x55e7adb1a3f0_5, v0x55e7adb1a3f0_6;
v0x55e7adb1a3f0_7 .array/port v0x55e7adb1a3f0, 7;
E_0x55e7adb1a0e0/2 .event edge, v0x55e7adb1a3f0_7;
E_0x55e7adb1a0e0 .event/or E_0x55e7adb1a0e0/0, E_0x55e7adb1a0e0/1, E_0x55e7adb1a0e0/2;
S_0x55e7adb1a940 .scope module, "x8Block" "x8" 3 67, 12 7 0, S_0x55e7adad0b10;
 .timescale -9 -12;
    .port_info 0 /INPUT 8 "newx8";
    .port_info 1 /INPUT 1 "writex8";
    .port_info 2 /OUTPUT 8 "x8";
v0x55e7adb1abd0_0 .net "newx8", 7 0, v0x55e7adb1b4a0_0;  alias, 1 drivers
v0x55e7adb1acd0_0 .net "writex8", 0 0, v0x55e7adb17e80_0;  alias, 1 drivers
v0x55e7adb1ad90_0 .var "x8", 7 0;
E_0x55e7adb1a000 .event edge, v0x55e7adb17e80_0, v0x55e7adb1abd0_0, v0x55e7adb17550_0;
S_0x55e7adb1aea0 .scope module, "x8Mux" "mux3" 3 69, 9 7 0, S_0x55e7adad0b10;
 .timescale -9 -12;
    .port_info 0 /INPUT 8 "in0";
    .port_info 1 /INPUT 8 "in1";
    .port_info 2 /INPUT 8 "in2";
    .port_info 3 /INPUT 2 "sel";
    .port_info 4 /OUTPUT 8 "out";
v0x55e7adb1b1a0_0 .net "in0", 7 0, v0x55e7adb1a250_0;  alias, 1 drivers
v0x55e7adb1b2d0_0 .net "in1", 7 0, L_0x55e7adb1deb0;  1 drivers
v0x55e7adb1b3b0_0 .net "in2", 7 0, v0x55e7adaea740_0;  alias, 1 drivers
v0x55e7adb1b4a0_0 .var "out", 7 0;
v0x55e7adb1b560_0 .net "sel", 1 0, v0x55e7adb17f40_0;  alias, 1 drivers
E_0x55e7adb1b130 .event edge, v0x55e7adb17f40_0, v0x55e7adb18b10_0, v0x55e7adb1b2d0_0, v0x55e7adaea740_0;
    .scope S_0x55e7adb176e0;
T_0 ;
    %wait E_0x55e7adb17910;
    %load/vec4 v0x55e7adb17c90_0;
    %dup/vec4;
    %pushi/vec4 0, 0, 3;
    %cmp/u;
    %jmp/1 T_0.0, 6;
    %dup/vec4;
    %pushi/vec4 1, 0, 3;
    %cmp/u;
    %jmp/1 T_0.1, 6;
    %dup/vec4;
    %pushi/vec4 2, 0, 3;
    %cmp/u;
    %jmp/1 T_0.2, 6;
    %dup/vec4;
    %pushi/vec4 3, 0, 3;
    %cmp/u;
    %jmp/1 T_0.3, 6;
    %dup/vec4;
    %pushi/vec4 4, 0, 3;
    %cmp/u;
    %jmp/1 T_0.4, 6;
    %dup/vec4;
    %pushi/vec4 5, 0, 3;
    %cmp/u;
    %jmp/1 T_0.5, 6;
    %dup/vec4;
    %pushi/vec4 6, 0, 3;
    %cmp/u;
    %jmp/1 T_0.6, 6;
    %jmp T_0.7;
T_0.0 ;
    %pushi/vec4 1, 0, 1;
    %store/vec4 v0x55e7adb17990_0, 0, 1;
    %pushi/vec4 0, 0, 1;
    %store/vec4 v0x55e7adb17a50_0, 0, 1;
    %pushi/vec4 0, 0, 1;
    %store/vec4 v0x55e7adb17b20_0, 0, 1;
    %pushi/vec4 1, 0, 2;
    %store/vec4 v0x55e7adb17bf0_0, 0, 2;
    %pushi/vec4 0, 0, 1;
    %store/vec4 v0x55e7adb17dc0_0, 0, 1;
    %pushi/vec4 0, 0, 1;
    %store/vec4 v0x55e7adb17e80_0, 0, 1;
    %pushi/vec4 0, 0, 2;
    %store/vec4 v0x55e7adb17f40_0, 0, 2;
    %jmp T_0.7;
T_0.1 ;
    %pushi/vec4 0, 0, 1;
    %store/vec4 v0x55e7adb17990_0, 0, 1;
    %pushi/vec4 0, 0, 1;
    %store/vec4 v0x55e7adb17a50_0, 0, 1;
    %pushi/vec4 0, 0, 1;
    %store/vec4 v0x55e7adb17b20_0, 0, 1;
    %pushi/vec4 0, 0, 2;
    %store/vec4 v0x55e7adb17bf0_0, 0, 2;
    %pushi/vec4 0, 0, 1;
    %store/vec4 v0x55e7adb17dc0_0, 0, 1;
    %pushi/vec4 1, 0, 1;
    %store/vec4 v0x55e7adb17e80_0, 0, 1;
    %pushi/vec4 1, 0, 2;
    %store/vec4 v0x55e7adb17f40_0, 0, 2;
    %jmp T_0.7;
T_0.2 ;
    %pushi/vec4 0, 0, 1;
    %store/vec4 v0x55e7adb17990_0, 0, 1;
    %pushi/vec4 1, 0, 1;
    %store/vec4 v0x55e7adb17a50_0, 0, 1;
    %pushi/vec4 1, 0, 1;
    %store/vec4 v0x55e7adb17b20_0, 0, 1;
    %pushi/vec4 1, 0, 2;
    %store/vec4 v0x55e7adb17bf0_0, 0, 2;
    %pushi/vec4 0, 0, 1;
    %store/vec4 v0x55e7adb17dc0_0, 0, 1;
    %pushi/vec4 0, 0, 1;
    %store/vec4 v0x55e7adb17e80_0, 0, 1;
    %pushi/vec4 0, 0, 2;
    %store/vec4 v0x55e7adb17f40_0, 0, 2;
    %jmp T_0.7;
T_0.3 ;
    %pushi/vec4 0, 0, 1;
    %store/vec4 v0x55e7adb17990_0, 0, 1;
    %pushi/vec4 0, 0, 1;
    %store/vec4 v0x55e7adb17a50_0, 0, 1;
    %pushi/vec4 0, 0, 1;
    %store/vec4 v0x55e7adb17b20_0, 0, 1;
    %pushi/vec4 0, 0, 2;
    %store/vec4 v0x55e7adb17bf0_0, 0, 2;
    %pushi/vec4 0, 0, 1;
    %store/vec4 v0x55e7adb17dc0_0, 0, 1;
    %pushi/vec4 1, 0, 1;
    %store/vec4 v0x55e7adb17e80_0, 0, 1;
    %pushi/vec4 1, 0, 2;
    %store/vec4 v0x55e7adb17f40_0, 0, 2;
    %jmp T_0.7;
T_0.4 ;
    %pushi/vec4 0, 0, 1;
    %store/vec4 v0x55e7adb17990_0, 0, 1;
    %pushi/vec4 0, 0, 1;
    %store/vec4 v0x55e7adb17a50_0, 0, 1;
    %pushi/vec4 0, 0, 1;
    %store/vec4 v0x55e7adb17b20_0, 0, 1;
    %pushi/vec4 0, 0, 2;
    %store/vec4 v0x55e7adb17bf0_0, 0, 2;
    %pushi/vec4 0, 0, 1;
    %store/vec4 v0x55e7adb17dc0_0, 0, 1;
    %pushi/vec4 1, 0, 1;
    %store/vec4 v0x55e7adb17e80_0, 0, 1;
    %pushi/vec4 0, 0, 2;
    %store/vec4 v0x55e7adb17f40_0, 0, 2;
    %jmp T_0.7;
T_0.5 ;
    %pushi/vec4 0, 0, 1;
    %store/vec4 v0x55e7adb17990_0, 0, 1;
    %pushi/vec4 0, 0, 1;
    %store/vec4 v0x55e7adb17a50_0, 0, 1;
    %pushi/vec4 1, 0, 1;
    %store/vec4 v0x55e7adb17b20_0, 0, 1;
    %pushi/vec4 0, 0, 2;
    %store/vec4 v0x55e7adb17bf0_0, 0, 2;
    %pushi/vec4 0, 0, 1;
    %store/vec4 v0x55e7adb17dc0_0, 0, 1;
    %pushi/vec4 1, 0, 1;
    %store/vec4 v0x55e7adb17e80_0, 0, 1;
    %pushi/vec4 2, 0, 2;
    %store/vec4 v0x55e7adb17f40_0, 0, 2;
    %jmp T_0.7;
T_0.6 ;
    %pushi/vec4 0, 0, 1;
    %store/vec4 v0x55e7adb17990_0, 0, 1;
    %pushi/vec4 0, 0, 1;
    %store/vec4 v0x55e7adb17a50_0, 0, 1;
    %pushi/vec4 0, 0, 1;
    %store/vec4 v0x55e7adb17b20_0, 0, 1;
    %pushi/vec4 0, 0, 2;
    %store/vec4 v0x55e7adb17bf0_0, 0, 2;
    %pushi/vec4 1, 0, 1;
    %store/vec4 v0x55e7adb17dc0_0, 0, 1;
    %pushi/vec4 0, 0, 1;
    %store/vec4 v0x55e7adb17e80_0, 0, 1;
    %pushi/vec4 0, 0, 2;
    %store/vec4 v0x55e7adb17f40_0, 0, 2;
    %jmp T_0.7;
T_0.7 ;
    %pop/vec4 1;
    %jmp T_0;
    .thread T_0, $push;
    .scope S_0x55e7adb19750;
T_1 ;
    %wait E_0x55e7adb199a0;
    %load/vec4 v0x55e7adb19d00_0;
    %dup/vec4;
    %pushi/vec4 0, 0, 1;
    %cmp/u;
    %jmp/1 T_1.0, 6;
    %dup/vec4;
    %pushi/vec4 1, 0, 1;
    %cmp/u;
    %jmp/1 T_1.1, 6;
    %jmp T_1.2;
T_1.0 ;
    %load/vec4 v0x55e7adb19a20_0;
    %store/vec4 v0x55e7adb19c00_0, 0, 8;
    %jmp T_1.2;
T_1.1 ;
    %load/vec4 v0x55e7adb19b30_0;
    %store/vec4 v0x55e7adb19c00_0, 0, 8;
    %jmp T_1.2;
T_1.2 ;
    %pop/vec4 1;
    %jmp T_1;
    .thread T_1, $push;
    .scope S_0x55e7adb19060;
T_2 ;
    %wait E_0x55e7adb192b0;
    %load/vec4 v0x55e7adb195e0_0;
    %flag_set/vec4 8;
    %jmp/0xz  T_2.0, 8;
    %pushi/vec4 0, 0, 8;
    %assign/vec4 v0x55e7adb19330_0, 0;
    %jmp T_2.1;
T_2.0 ;
    %load/vec4 v0x55e7adb19520_0;
    %assign/vec4 v0x55e7adb19330_0, 0;
T_2.1 ;
    %jmp T_2;
    .thread T_2;
    .scope S_0x55e7adad0ca0;
T_3 ;
    %wait E_0x55e7adafbf90;
    %load/vec4 v0x55e7adad1310_0;
    %addi 1, 0, 8;
    %store/vec4 v0x55e7adaea6a0_0, 0, 8;
    %jmp T_3;
    .thread T_3, $push;
    .scope S_0x55e7adb17080;
T_4 ;
    %wait E_0x55e7adb172d0;
    %load/vec4 v0x55e7adb173f0_0;
    %pad/u 32;
    %cmpi/e 1, 0, 32;
    %jmp/0xz  T_4.0, 4;
    %pushi/vec4 0, 0, 1;
    %store/vec4 v0x55e7adb174b0_0, 0, 1;
    %jmp T_4.1;
T_4.0 ;
    %load/vec4 v0x55e7adb17330_0;
    %pad/u 32;
    %cmpi/e 1, 0, 32;
    %jmp/0xz  T_4.2, 4;
    %load/vec4 v0x55e7adb17550_0;
    %cmpi/e 0, 0, 8;
    %flag_mov 8, 4;
    %jmp/0 T_4.4, 8;
    %pushi/vec4 1, 0, 2;
    %jmp/1 T_4.5, 8;
T_4.4 ; End of true expr.
    %pushi/vec4 0, 0, 2;
    %jmp/0 T_4.5, 8;
 ; End of false expr.
    %blend;
T_4.5;
    %pad/s 1;
    %store/vec4 v0x55e7adb174b0_0, 0, 1;
    %jmp T_4.3;
T_4.2 ;
    %pushi/vec4 0, 0, 1;
    %store/vec4 v0x55e7adb174b0_0, 0, 1;
T_4.3 ;
T_4.1 ;
    %jmp T_4;
    .thread T_4, $push;
    .scope S_0x55e7adb18170;
T_5 ;
    %wait E_0x55e7adb183c0;
    %load/vec4 v0x55e7adb18700_0;
    %dup/vec4;
    %pushi/vec4 0, 0, 1;
    %cmp/u;
    %jmp/1 T_5.0, 6;
    %dup/vec4;
    %pushi/vec4 1, 0, 1;
    %cmp/u;
    %jmp/1 T_5.1, 6;
    %jmp T_5.2;
T_5.0 ;
    %load/vec4 v0x55e7adb18440_0;
    %store/vec4 v0x55e7adb18600_0, 0, 8;
    %jmp T_5.2;
T_5.1 ;
    %load/vec4 v0x55e7adb18540_0;
    %store/vec4 v0x55e7adb18600_0, 0, 8;
    %jmp T_5.2;
T_5.2 ;
    %pop/vec4 1;
    %jmp T_5;
    .thread T_5, $push;
    .scope S_0x55e7adb18820;
T_6 ;
    %wait E_0x55e7adb18a80;
    %load/vec4 v0x55e7adb18ec0_0;
    %dup/vec4;
    %pushi/vec4 0, 0, 2;
    %cmp/u;
    %jmp/1 T_6.0, 6;
    %dup/vec4;
    %pushi/vec4 1, 0, 2;
    %cmp/u;
    %jmp/1 T_6.1, 6;
    %dup/vec4;
    %pushi/vec4 2, 0, 2;
    %cmp/u;
    %jmp/1 T_6.2, 6;
    %load/vec4 v0x55e7adb18d00_0;
    %store/vec4 v0x55e7adb18dd0_0, 0, 8;
    %jmp T_6.4;
T_6.0 ;
    %load/vec4 v0x55e7adb18b10_0;
    %store/vec4 v0x55e7adb18dd0_0, 0, 8;
    %jmp T_6.4;
T_6.1 ;
    %load/vec4 v0x55e7adb18c10_0;
    %store/vec4 v0x55e7adb18dd0_0, 0, 8;
    %jmp T_6.4;
T_6.2 ;
    %load/vec4 v0x55e7adb18d00_0;
    %store/vec4 v0x55e7adb18dd0_0, 0, 8;
    %jmp T_6.4;
T_6.4 ;
    %pop/vec4 1;
    %jmp T_6;
    .thread T_6, $push;
    .scope S_0x55e7adb16be0;
T_7 ;
    %wait E_0x55e7adafbd50;
    %load/vec4 v0x55e7adb16e60_0;
    %load/vec4 v0x55e7adb16f40_0;
    %add;
    %store/vec4 v0x55e7adaea740_0, 0, 8;
    %jmp T_7;
    .thread T_7, $push;
    .scope S_0x55e7adb19e20;
T_8 ;
    %wait E_0x55e7adb192b0;
    %load/vec4 v0x55e7adb1a6a0_0;
    %pad/u 32;
    %cmpi/e 1, 0, 32;
    %jmp/0xz  T_8.0, 4;
    %load/vec4 v0x55e7adb1a320_0;
    %cmpi/ne 0, 0, 3;
    %jmp/0xz  T_8.2, 4;
    %load/vec4 v0x55e7adb1a770_0;
    %load/vec4 v0x55e7adb1a320_0;
    %pad/u 5;
    %ix/vec4 3;
    %ix/load 4, 0, 0; Constant delay
    %assign/vec4/a/d v0x55e7adb1a3f0, 0, 4;
    %jmp T_8.3;
T_8.2 ;
    %pushi/vec4 0, 0, 8;
    %ix/load 3, 0, 0;
    %flag_set/imm 4, 0;
    %ix/load 4, 0, 0; Constant delay
    %assign/vec4/a/d v0x55e7adb1a3f0, 0, 4;
T_8.3 ;
T_8.0 ;
    %pushi/vec4 0, 0, 8;
    %ix/load 3, 0, 0;
    %flag_set/imm 4, 0;
    %ix/load 4, 0, 0; Constant delay
    %assign/vec4/a/d v0x55e7adb1a3f0, 0, 4;
    %jmp T_8;
    .thread T_8;
    .scope S_0x55e7adb19e20;
T_9 ;
    %wait E_0x55e7adb1a0e0;
    %load/vec4 v0x55e7adb1a320_0;
    %pad/u 5;
    %ix/vec4 4;
    %load/vec4a v0x55e7adb1a3f0, 4;
    %store/vec4 v0x55e7adb1a250_0, 0, 8;
    %jmp T_9;
    .thread T_9, $push;
    .scope S_0x55e7adb1a940;
T_10 ;
    %wait E_0x55e7adb1a000;
    %load/vec4 v0x55e7adb1acd0_0;
    %flag_set/vec4 8;
    %jmp/0xz  T_10.0, 8;
    %load/vec4 v0x55e7adb1abd0_0;
    %store/vec4 v0x55e7adb1ad90_0, 0, 8;
    %jmp T_10.1;
T_10.0 ;
    %load/vec4 v0x55e7adb1ad90_0;
    %store/vec4 v0x55e7adb1ad90_0, 0, 8;
T_10.1 ;
    %jmp T_10;
    .thread T_10, $push;
    .scope S_0x55e7adb1aea0;
T_11 ;
    %wait E_0x55e7adb1b130;
    %load/vec4 v0x55e7adb1b560_0;
    %dup/vec4;
    %pushi/vec4 0, 0, 2;
    %cmp/u;
    %jmp/1 T_11.0, 6;
    %dup/vec4;
    %pushi/vec4 1, 0, 2;
    %cmp/u;
    %jmp/1 T_11.1, 6;
    %dup/vec4;
    %pushi/vec4 2, 0, 2;
    %cmp/u;
    %jmp/1 T_11.2, 6;
    %load/vec4 v0x55e7adb1b3b0_0;
    %store/vec4 v0x55e7adb1b4a0_0, 0, 8;
    %jmp T_11.4;
T_11.0 ;
    %load/vec4 v0x55e7adb1b1a0_0;
    %store/vec4 v0x55e7adb1b4a0_0, 0, 8;
    %jmp T_11.4;
T_11.1 ;
    %load/vec4 v0x55e7adb1b2d0_0;
    %store/vec4 v0x55e7adb1b4a0_0, 0, 8;
    %jmp T_11.4;
T_11.2 ;
    %load/vec4 v0x55e7adb1b3b0_0;
    %store/vec4 v0x55e7adb1b4a0_0, 0, 8;
    %jmp T_11.4;
T_11.4 ;
    %pop/vec4 1;
    %jmp T_11;
    .thread T_11, $push;
    .scope S_0x55e7adad0b10;
T_12 ;
    %wait E_0x55e7adaeb1d0;
    %load/vec4 v0x55e7adb1c6f0_0;
    %assign/vec4 v0x55e7adb1bf30_0, 0;
    %jmp T_12;
    .thread T_12;
    .scope S_0x55e7adad0b10;
T_13 ;
    %wait E_0x55e7adaead40;
    %load/vec4 v0x55e7adb1cd40_0;
    %assign/vec4 v0x55e7adb1bf30_0, 0;
    %jmp T_13;
    .thread T_13;
    .scope S_0x55e7adadf9f0;
T_14 ;
    %vpi_call 2 18 "$dumpfile", "tb.vcd" {0 0 0};
    %vpi_call 2 19 "$dumpvars", 32'sb00000000000000000000000000000000, S_0x55e7adadf9f0 {0 0 0};
    %delay 1000, 0;
    %end;
    .thread T_14;
# The file index is used to find the file name in the following table.
:file_names 13;
    "N/A";
    "<interactive>";
    "tb.v";
    "mccoy.v";
    "./add1.v";
    "./alu.v";
    "./branch.v";
    "./decoder.v";
    "./mux2.v";
    "./mux3.v";
    "./pc.v";
    "./register.v";
    "./x8.v";
